{"time":"2026-01-31T08:36:58.554Z","ip":"::1","method":"GET","path":"/api/products","denied":false,"ttl":0,"results":[]}
{"time":"2026-01-31T08:36:59.938Z","ip":"::1","method":"GET","path":"/api/products","denied":false,"ttl":0,"results":[]}
{"time":"2026-01-31T08:37:05.261Z","ip":"::1","method":"GET","path":"/api/products","denied":false,"ttl":0,"results":[]}
{"time":"2026-01-31T08:37:07.650Z","ip":"::1","method":"GET","path":"/api/products","denied":false,"ttl":0,"results":[]}
{"time":"2026-01-31T08:37:07.957Z","ip":"::1","method":"GET","path":"/api/products","denied":false,"ttl":0,"results":[]}
{"time":"2026-01-31T08:37:08.364Z","ip":"::1","method":"GET","path":"/api/products","denied":false,"ttl":0,"results":[]}
{"time":"2026-01-31T08:37:08.600Z","ip":"::1","method":"GET","path":"/api/products","denied":false,"ttl":0,"results":[]}
{"time":"2026-01-31T08:37:08.983Z","ip":"::1","method":"GET","path":"/api/products","denied":false,"ttl":0,"results":[]}
{"time":"2026-01-31T08:37:09.393Z","ip":"::1","method":"GET","path":"/api/products","denied":false,"ttl":0,"results":[]}
{"time":"2026-01-31T08:37:09.632Z","ip":"::1","method":"GET","path":"/api/products","denied":false,"ttl":0,"results":[]}
{"time":"2026-01-31T08:37:09.898Z","ip":"::1","method":"GET","path":"/api/products","denied":false,"ttl":0,"results":[]}
{"time":"2026-01-31T08:37:10.415Z","ip":"::1","method":"GET","path":"/api/products","denied":false,"ttl":0,"results":[]}
{"time":"2026-01-31T08:37:10.923Z","ip":"::1","method":"GET","path":"/api/products","denied":false,"ttl":0,"results":[]}
{"time":"2026-01-31T08:37:11.234Z","ip":"::1","method":"GET","path":"/api/products","denied":false,"ttl":0,"results":[]}
{"time":"2026-01-31T08:37:11.470Z","ip":"::1","method":"GET","path":"/api/products","denied":false,"ttl":0,"results":[]}
{"time":"2026-01-31T08:37:11.749Z","ip":"::1","method":"GET","path":"/api/products","denied":false,"ttl":0,"results":[]}
{"time":"2026-01-31T08:37:12.154Z","ip":"::1","method":"GET","path":"/api/products","denied":false,"ttl":0,"results":[]}
{"time":"2026-01-31T08:37:12.464Z","ip":"::1","method":"GET","path":"/api/products","denied":false,"ttl":0,"results":[]}
{"time":"2026-01-31T08:37:12.756Z","ip":"::1","method":"GET","path":"/api/products","denied":false,"ttl":0,"results":[]}
{"time":"2026-01-31T08:37:43.829Z","ip":"::1","method":"GET","path":"/api/products","denied":false,"ttl":0,"results":[]}
{"time":"2026-01-31T08:37:59.528Z","ip":"::1","method":"GET","path":"/api/products","denied":false,"ttl":0,"results":[]}
{"time":"2026-01-31T08:38:00.611Z","ip":"::1","method":"GET","path":"/api/products","denied":false,"ttl":0,"results":[]}
{"time":"2026-01-31T08:44:28.839Z","ip":"::1","method":"GET","path":"/api/products","denied":false,"ttl":0,"results":[]}
{"time":"2026-01-31T08:44:30.109Z","ip":"::1","method":"GET","path":"/api/products","denied":false,"ttl":0,"results":[]}
{"time":"2026-01-31T09:03:26.584Z","ip":"::1","method":"GET","path":"/api/products","denied":false,"ttl":0,"results":[]}
{"time":"2026-01-31T09:03:28.102Z","ip":"::1","method":"GET","path":"/api/products","denied":false,"ttl":0,"results":[]}
{"time":"2026-01-31T09:04:29.997Z","ip":"::1","method":"POST","path":"/api/products","denied":false,"ttl":0,"results":[]}
{"time":"2026-01-31T09:04:31.057Z","ip":"::1","method":"GET","path":"/api/products","denied":false,"ttl":0,"results":[]}
{"time":"2026-01-31T09:07:47.128Z","ip":"::1","method":"GET","path":"/api/products","denied":false,"ttl":0,"results":[]}
{"time":"2026-01-31T09:07:47.982Z","ip":"::1","method":"GET","path":"/api/products","denied":false,"ttl":0,"results":[]}
{"time":"2026-01-31T09:09:58.131Z","ip":"::1","method":"GET","path":"/api/products","denied":false,"ttl":0,"results":[]}
{"time":"2026-01-31T09:09:58.850Z","ip":"::1","method":"GET","path":"/api/products","denied":false,"ttl":0,"results":[]}
{"time":"2026-01-31T09:10:09.721Z","ip":"::1","method":"GET","path":"/api/products","denied":false,"ttl":0,"results":[]}
{"time":"2026-01-31T09:10:10.710Z","ip":"::1","method":"GET","path":"/api/products","denied":false,"ttl":0,"results":[]}
{"time":"2026-01-31T09:10:43.044Z","ip":"::1","method":"DELETE","path":"/api/products/3","denied":false,"ttl":0,"results":[]}
{"time":"2026-01-31T09:15:04.913Z","ip":"::1","method":"POST","path":"/api/products","denied":false,"ttl":0,"results":[]}
{"time":"2026-01-31T09:15:05.820Z","ip":"::1","method":"GET","path":"/api/products","denied":false,"ttl":0,"results":[]}
{"time":"2026-01-31T09:15:09.708Z","ip":"::1","method":"GET","path":"/api/products/4","denied":false,"ttl":0,"results":[]}
{"time":"2026-01-31T09:15:09.955Z","ip":"::1","method":"GET","path":"/api/products/4","denied":false,"ttl":0,"results":[]}
{"time":"2026-01-31T09:15:18.327Z","ip":"::1","method":"GET","path":"/api/products","denied":false,"ttl":0,"results":[]}
{"time":"2026-01-31T09:15:19.022Z","ip":"::1","method":"GET","path":"/api/products","denied":false,"ttl":0,"results":[]}
{"time":"2026-01-31T09:16:54.610Z","ip":"::1","method":"GET","path":"/api/products","denied":false,"ttl":0,"results":[]}
{"time":"2026-01-31T11:03:03.113Z","ip":"::1","method":"GET","path":"/api/products","denied":false,"ttl":0,"results":[]}
{"time":"2026-01-31T11:03:03.813Z","ip":"::1","method":"GET","path":"/api/products","denied":false,"ttl":0,"results":[]}
{"time":"2026-01-31T11:09:39.076Z","ip":"::1","method":"GET","path":"/api/products","denied":false,"ttl":0,"results":[]}
{"time":"2026-01-31T11:09:40.255Z","ip":"::1","method":"GET","path":"/api/products","denied":false,"ttl":0,"results":[]}
{"time":"2026-01-31T11:25:08.075Z","ip":"::1","method":"GET","path":"/api/products/4","denied":false,"ttl":0,"results":[]}
{"time":"2026-01-31T11:25:08.088Z","ip":"::1","method":"GET","path":"/api/products/4","denied":false,"ttl":0,"results":[]}
{"time":"2026-01-31T11:25:10.774Z","ip":"::1","method":"GET","path":"/api/products","denied":false,"ttl":0,"results":[]}
{"time":"2026-01-31T11:25:10.802Z","ip":"::1","method":"GET","path":"/api/products","denied":false,"ttl":0,"results":[]}
{"time":"2026-01-31T11:25:15.578Z","ip":"::1","method":"GET","path":"/api/products","denied":false,"ttl":0,"results":[]}
{"time":"2026-01-31T11:25:15.592Z","ip":"::1","method":"GET","path":"/api/products","denied":false,"ttl":0,"results":[]}
{"time":"2026-01-31T11:25:41.264Z","ip":"::1","method":"GET","path":"/api/products","denied":false,"ttl":0,"results":[]}
{"time":"2026-01-31T11:35:23.100Z","ip":"::1","method":"GET","path":"/api/products","denied":false,"ttl":0,"results":[]}
{"time":"2026-01-31T11:35:23.116Z","ip":"::1","method":"GET","path":"/api/products","denied":false,"ttl":0,"results":[]}
{"time":"2026-01-31T11:41:47.192Z","ip":"::1","method":"GET","path":"/api/products","denied":false,"ttl":0,"results":[]}
{"time":"2026-02-06T17:46:51.674Z","ip":"::1","method":"GET","path":"/api/products","denied":false,"ttl":0,"results":[]}
{"time":"2026-02-06T17:46:53.244Z","ip":"::1","method":"GET","path":"/api/products","denied":false,"ttl":0,"results":[]}
{"time":"2026-02-06T17:49:08.883Z","ip":"::1","method":"GET","path":"/api/products","denied":false,"ttl":0,"results":[]}
{"time":"2026-02-06T17:49:09.649Z","ip":"::1","method":"GET","path":"/api/products","denied":false,"ttl":0,"results":[]}
{"time":"2026-02-07T14:42:41.026Z","ip":"::1","method":"GET","path":"/api/products","denied":false,"ttl":0,"results":[]}
{"time":"2026-02-07T14:42:41.765Z","ip":"::1","method":"GET","path":"/api/products","denied":false,"ttl":0,"results":[]}
{"time":"2026-02-09T13:55:04.931Z","ip":"::1","method":"GET","path":"/api/products","denied":false,"ttl":0,"results":[]}
{"time":"2026-02-09T13:55:05.671Z","ip":"::1","method":"GET","path":"/api/products","denied":false,"ttl":0,"results":[]}
{"time":"2026-02-09T13:55:12.187Z","ip":"::1","method":"GET","path":"/api/products/2","denied":false,"ttl":0,"results":[]}
{"time":"2026-02-09T13:55:12.889Z","ip":"::1","method":"GET","path":"/api/products/2","denied":false,"ttl":0,"results":[]}
{"time":"2026-02-09T13:55:25.612Z","ip":"::1","method":"GET","path":"/api/products","denied":false,"ttl":0,"results":[]}
{"time":"2026-02-09T13:55:26.291Z","ip":"::1","method":"GET","path":"/api/products","denied":false,"ttl":0,"results":[]}
{"time":"2026-02-09T13:55:31.124Z","ip":"::1","method":"GET","path":"/api/products/4","denied":false,"ttl":0,"results":[]}
{"time":"2026-02-09T13:55:31.799Z","ip":"::1","method":"GET","path":"/api/products/4","denied":false,"ttl":0,"results":[]}
{"time":"2026-02-09T13:55:34.605Z","ip":"::1","method":"GET","path":"/api/products","denied":false,"ttl":0,"results":[]}
{"time":"2026-02-09T13:55:34.834Z","ip":"::1","method":"GET","path":"/api/products","denied":false,"ttl":0,"results":[]}
{"time":"2026-02-09T13:55:36.089Z","ip":"::1","method":"GET","path":"/api/products/1","denied":false,"ttl":0,"results":[]}
{"time":"2026-02-09T13:55:36.355Z","ip":"::1","method":"GET","path":"/api/products/1","denied":false,"ttl":0,"results":[]}
{"time":"2026-02-09T13:55:41.794Z","ip":"::1","method":"GET","path":"/api/products","denied":false,"ttl":0,"results":[]}
{"time":"2026-02-09T13:55:42.451Z","ip":"::1","method":"GET","path":"/api/products","denied":false,"ttl":0,"results":[]}
{"time":"2026-02-09T16:07:34.809Z","ip":"::1","method":"GET","path":"/api/products","denied":false,"ttl":0,"results":[]}
{"time":"2026-02-09T16:07:35.537Z","ip":"::1","method":"GET","path":"/api/products","denied":false,"ttl":0,"results":[]}
{"time":"2026-02-09T16:07:43.346Z","ip":"::1","method":"POST","path":"/api/auth/test-admin","denied":false,"ttl":0,"results":[]}
{"time":"2026-02-09T16:07:52.306Z","ip":"::1","method":"GET","path":"/api/products/4","denied":false,"ttl":0,"results":[]}
{"time":"2026-02-09T16:07:52.986Z","ip":"::1","method":"GET","path":"/api/products/4","denied":false,"ttl":0,"results":[]}
{"time":"2026-02-09T16:08:01.700Z","ip":"::1","method":"GET","path":"/api/products","denied":false,"ttl":0,"results":[]}
{"time":"2026-02-09T16:08:02.352Z","ip":"::1","method":"GET","path":"/api/products","denied":false,"ttl":0,"results":[]}
{"time":"2026-02-09T16:08:04.735Z","ip":"::1","method":"POST","path":"/api/auth/test-admin","denied":false,"ttl":0,"results":[]}
{"time":"2026-02-09T16:08:08.556Z","ip":"::1","method":"POST","path":"/api/auth/test-admin","denied":false,"ttl":0,"results":[]}
{"time":"2026-02-09T16:08:13.238Z","ip":"::1","method":"GET","path":"/api/products","denied":false,"ttl":0,"results":[]}
{"time":"2026-02-09T16:08:17.498Z","ip":"::1","method":"GET","path":"/api/products","denied":false,"ttl":0,"results":[]}
{"time":"2026-02-09T16:08:17.720Z","ip":"::1","method":"GET","path":"/api/products","denied":false,"ttl":0,"results":[]}
{"time":"2026-02-09T16:08:20.111Z","ip":"::1","method":"GET","path":"/api/products/4","denied":false,"ttl":0,"results":[]}
{"time":"2026-02-09T16:08:20.360Z","ip":"::1","method":"GET","path":"/api/products/4","denied":false,"ttl":0,"results":[]}
{"time":"2026-02-09T16:08:29.472Z","ip":"::1","method":"GET","path":"/api/products","denied":false,"ttl":0,"results":[]}
{"time":"2026-02-09T16:08:30.118Z","ip":"::1","method":"GET","path":"/api/products","denied":false,"ttl":0,"results":[]}
{"time":"2026-02-09T16:08:31.480Z","ip":"::1","method":"GET","path":"/api/products/2","denied":false,"ttl":0,"results":[]}
{"time":"2026-02-09T16:08:31.713Z","ip":"::1","method":"GET","path":"/api/products/2","denied":false,"ttl":0,"results":[]}
{"time":"2026-02-09T16:08:35.253Z","ip":"::1","method":"GET","path":"/api/products","denied":false,"ttl":0,"results":[]}
{"time":"2026-02-09T16:08:35.473Z","ip":"::1","method":"GET","path":"/api/products","denied":false,"ttl":0,"results":[]}
{"time":"2026-02-09T16:08:36.896Z","ip":"::1","method":"GET","path":"/api/products/1","denied":false,"ttl":0,"results":[]}
{"time":"2026-02-09T16:08:37.125Z","ip":"::1","method":"GET","path":"/api/products/1","denied":false,"ttl":0,"results":[]}
{"time":"2026-02-09T16:08:41.877Z","ip":"::1","method":"GET","path":"/api/products","denied":false,"ttl":0,"results":[]}
{"time":"2026-02-09T16:08:42.523Z","ip":"::1","method":"GET","path":"/api/products","denied":false,"ttl":0,"results":[]}
{"time":"2026-02-11T14:23:42.344Z","ip":"::1","method":"GET","path":"/api/products","denied":false,"ttl":0,"results":[]}
{"time":"2026-02-11T14:23:43.686Z","ip":"::1","method":"GET","path":"/api/products","denied":false,"ttl":0,"results":[]}
{"time":"2026-02-11T14:24:03.698Z","ip":"::1","method":"GET","path":"/api/products","denied":false,"ttl":0,"results":[]}
{"time":"2026-02-11T14:24:10.214Z","ip":"::1","method":"POST","path":"/api/auth/test-admin","denied":false,"ttl":0,"results":[]}
{"time":"2026-02-11T14:24:15.241Z","ip":"::1","method":"POST","path":"/api/auth/test-admin","denied":false,"ttl":0,"results":[]}
{"time":"2026-02-11T14:24:17.571Z","ip":"::1","method":"GET","path":"/api/products","denied":false,"ttl":0,"results":[]}
{"time":"2026-02-11T14:24:18.651Z","ip":"::1","method":"GET","path":"/api/products","denied":false,"ttl":0,"results":[]}
{"time":"2026-02-11T14:25:44.608Z","ip":"::1","method":"GET","path":"/api/products","denied":false,"ttl":0,"results":[]}
{"time":"2026-02-11T14:25:45.345Z","ip":"::1","method":"GET","path":"/api/products","denied":false,"ttl":0,"results":[]}
{"time":"2026-02-11T14:26:03.703Z","ip":"::1","method":"GET","path":"/api/products","denied":false,"ttl":0,"results":[]}
{"time":"2026-02-11T14:26:04.444Z","ip":"::1","method":"GET","path":"/api/products","denied":false,"ttl":0,"results":[]}
{"time":"2026-02-11T14:26:18.306Z","ip":"::1","method":"GET","path":"/api/products","denied":false,"ttl":0,"results":[]}
{"time":"2026-02-11T14:26:21.042Z","ip":"::1","method":"POST","path":"/api/auth/test-admin","denied":false,"ttl":0,"results":[]}
{"time":"2026-02-11T14:26:24.106Z","ip":"::1","method":"GET","path":"/api/products","denied":false,"ttl":0,"results":[]}
{"time":"2026-02-11T14:26:24.947Z","ip":"::1","method":"GET","path":"/api/products","denied":false,"ttl":0,"results":[]}
{"time":"2026-02-11T14:27:42.654Z","ip":"::1","method":"GET","path":"/api/products","denied":false,"ttl":0,"results":[]}
{"time":"2026-02-11T14:27:48.169Z","ip":"::1","method":"POST","path":"/api/auth/test-admin","denied":false,"ttl":0,"results":[]}
{"time":"2026-02-11T14:27:53.114Z","ip":"::1","method":"GET","path":"/api/products","denied":false,"ttl":0,"results":[]}
{"time":"2026-02-11T14:27:53.894Z","ip":"::1","method":"GET","path":"/api/products","denied":false,"ttl":0,"results":[]}
